Assembler report for DE1_SOC_D8M_RTL
Mon Dec 10 01:15:01 2018
Quartus Prime Version 17.0.2 Build 602 07/19/2017 SJ Standard Edition


---------------------
; Table of Contents ;
---------------------
  1. Legal Notice
  2. Assembler Summary
  3. Assembler Settings
  4. Assembler Encrypted IP Cores Summary
  5. Assembler Generated Files
  6. Assembler Device Options: U:/371/ee371-b68010a6978d9fc9baec01251999c7ccf0c8ab87/ee371-b68010a6978d9fc9baec01251999c7ccf0c8ab87/Final Project/camera/Camera+Reduced/output_files/DE1_SOC_D8M_RTL.sof
  7. Assembler Messages



----------------
; Legal Notice ;
----------------
Copyright (C) 2017  Intel Corporation. All rights reserved.
Your use of Intel Corporation's design tools, logic functions 
and other software and tools, and its AMPP partner logic 
functions, and any output files from any of the foregoing 
(including device programming or simulation files), and any 
associated documentation or information are expressly subject 
to the terms and conditions of the Intel Program License 
Subscription Agreement, the Intel Quartus Prime License Agreement,
the Intel MegaCore Function License Agreement, or other 
applicable license agreement, including, without limitation, 
that your use is for the sole purpose of programming logic 
devices manufactured by Intel and sold by Intel or its 
authorized distributors.  Please refer to the applicable 
agreement for further details.



+---------------------------------------------------------------+
; Assembler Summary                                             ;
+-----------------------+---------------------------------------+
; Assembler Status      ; Successful - Mon Dec 10 01:15:01 2018 ;
; Revision Name         ; DE1_SOC_D8M_RTL                       ;
; Top-level Entity Name ; colorRecognizer                       ;
; Family                ; Cyclone V                             ;
; Device                ; 5CSEMA5F31C6                          ;
+-----------------------+---------------------------------------+


+----------------------------------+
; Assembler Settings               ;
+--------+---------+---------------+
; Option ; Setting ; Default Value ;
+--------+---------+---------------+


+------------------------------------------------+
; Assembler Encrypted IP Cores Summary           ;
+--------+------------------------+--------------+
; Vendor ; IP Core Name           ; License Type ;
+--------+------------------------+--------------+
; Altera ; Signal Tap (6AF7 BCE1) ; Licensed     ;
; Altera ; Signal Tap (6AF7 BCEC) ; Licensed     ;
+--------+------------------------+--------------+


+---------------------------------------------------------------------------------------------------------------------------------------------------------------------------+
; Assembler Generated Files                                                                                                                                                 ;
+---------------------------------------------------------------------------------------------------------------------------------------------------------------------------+
; File Name                                                                                                                                                                 ;
+---------------------------------------------------------------------------------------------------------------------------------------------------------------------------+
; U:/371/ee371-b68010a6978d9fc9baec01251999c7ccf0c8ab87/ee371-b68010a6978d9fc9baec01251999c7ccf0c8ab87/Final Project/camera/Camera+Reduced/output_files/DE1_SOC_D8M_RTL.sof ;
+---------------------------------------------------------------------------------------------------------------------------------------------------------------------------+


+-----------------------------------------------------------------------------------------------------------------------------------------------------------------------------------------------------+
; Assembler Device Options: U:/371/ee371-b68010a6978d9fc9baec01251999c7ccf0c8ab87/ee371-b68010a6978d9fc9baec01251999c7ccf0c8ab87/Final Project/camera/Camera+Reduced/output_files/DE1_SOC_D8M_RTL.sof ;
+----------------+------------------------------------------------------------------------------------------------------------------------------------------------------------------------------------+
; Option         ; Setting                                                                                                                                                                            ;
+----------------+------------------------------------------------------------------------------------------------------------------------------------------------------------------------------------+
; JTAG usercode  ; 0x04566ADF                                                                                                                                                                         ;
; Checksum       ; 0x04566ADF                                                                                                                                                                         ;
+----------------+------------------------------------------------------------------------------------------------------------------------------------------------------------------------------------+


+--------------------+
; Assembler Messages ;
+--------------------+
Info: *******************************************************************
Info: Running Quartus Prime Assembler
    Info: Version 17.0.2 Build 602 07/19/2017 SJ Standard Edition
    Info: Processing started: Mon Dec 10 01:12:42 2018
Info: Command: quartus_asm --read_settings_files=off --write_settings_files=off DE1_SOC_D8M_RTL -c DE1_SOC_D8M_RTL
Warning (18236): Number of processors has not been specified which may cause overloading on shared machines.  Set the global assignment NUM_PARALLEL_PROCESSORS in your QSF to an appropriate value for best performance.
Info (115030): Assembler is generating device programming files
Info: Quartus Prime Assembler was successful. 0 errors, 1 warning
    Info: Peak virtual memory: 1018 megabytes
    Info: Processing ended: Mon Dec 10 01:15:02 2018
    Info: Elapsed time: 00:02:20
    Info: Total CPU time (on all processors): 00:01:51


