Flow report for DE1_SOC_D8M_RTL
Mon Dec 10 01:17:25 2018
Quartus Prime Version 17.0.2 Build 602 07/19/2017 SJ Standard Edition


---------------------
; Table of Contents ;
---------------------
  1. Legal Notice
  2. Flow Summary
  3. Flow Settings
  4. Flow Non-Default Global Settings
  5. Flow Elapsed Time
  6. Flow OS Summary
  7. Flow Log
  8. Flow Messages
  9. Flow Suppressed Messages



----------------
; Legal Notice ;
----------------
Copyright (C) 2017  Intel Corporation. All rights reserved.
Your use of Intel Corporation's design tools, logic functions 
and other software and tools, and its AMPP partner logic 
functions, and any output files from any of the foregoing 
(including device programming or simulation files), and any 
associated documentation or information are expressly subject 
to the terms and conditions of the Intel Program License 
Subscription Agreement, the Intel Quartus Prime License Agreement,
the Intel MegaCore Function License Agreement, or other 
applicable license agreement, including, without limitation, 
that your use is for the sole purpose of programming logic 
devices manufactured by Intel and sold by Intel or its 
authorized distributors.  Please refer to the applicable 
agreement for further details.



+-----------------------------------------------------------------------------------+
; Flow Summary                                                                      ;
+---------------------------------+-------------------------------------------------+
; Flow Status                     ; Successful - Mon Dec 10 01:15:01 2018           ;
; Quartus Prime Version           ; 17.0.2 Build 602 07/19/2017 SJ Standard Edition ;
; Revision Name                   ; DE1_SOC_D8M_RTL                                 ;
; Top-level Entity Name           ; colorRecognizer                                 ;
; Family                          ; Cyclone V                                       ;
; Device                          ; 5CSEMA5F31C6                                    ;
; Timing Models                   ; Final                                           ;
; Logic utilization (in ALMs)     ; 30,933 / 32,070 ( 96 % )                        ;
; Total registers                 ; 3735                                            ;
; Total pins                      ; 146 / 457 ( 32 % )                              ;
; Total virtual pins              ; 0                                               ;
; Total block memory bits         ; 109,568 / 4,065,280 ( 3 % )                     ;
; Total DSP Blocks                ; 2 / 87 ( 2 % )                                  ;
; Total HSSI RX PCSs              ; 0                                               ;
; Total HSSI PMA RX Deserializers ; 0                                               ;
; Total HSSI TX PCSs              ; 0                                               ;
; Total HSSI PMA TX Serializers   ; 0                                               ;
; Total PLLs                      ; 4 / 6 ( 67 % )                                  ;
; Total DLLs                      ; 0 / 4 ( 0 % )                                   ;
+---------------------------------+-------------------------------------------------+


+-----------------------------------------+
; Flow Settings                           ;
+-------------------+---------------------+
; Option            ; Setting             ;
+-------------------+---------------------+
; Start date & time ; 12/10/2018 00:17:14 ;
; Main task         ; Compilation         ;
; Revision Name     ; DE1_SOC_D8M_RTL     ;
+-------------------+---------------------+


+--------------------------------------------------------------------------------------------------------------------------------------------+
; Flow Non-Default Global Settings                                                                                                           ;
+-------------------------------------+-----------------------------------------------+-----------------+-----------------+------------------+
; Assignment Name                     ; Value                                         ; Default Value   ; Entity Name     ; Section Id       ;
+-------------------------------------+-----------------------------------------------+-----------------+-----------------+------------------+
; COMPILER_SIGNATURE_ID               ; 132129486301136.154442983300824               ; --              ; --              ; --               ;
; ENABLE_SIGNALTAP                    ; On                                            ; --              ; --              ; --               ;
; MAX_CORE_JUNCTION_TEMP              ; 85                                            ; --              ; --              ; --               ;
; MIN_CORE_JUNCTION_TEMP              ; 0                                             ; --              ; --              ; --               ;
; MISC_FILE                           ; V/VIDEO_PLL_bb.v                              ; --              ; --              ; --               ;
; MISC_FILE                           ; V/VIDEO_PLL.ppf                               ; --              ; --              ; --               ;
; PARTITION_COLOR                     ; -- (Not supported for targeted family)        ; --              ; colorRecognizer ; Top              ;
; PARTITION_FITTER_PRESERVATION_LEVEL ; -- (Not supported for targeted family)        ; --              ; colorRecognizer ; Top              ;
; PARTITION_NETLIST_TYPE              ; -- (Not supported for targeted family)        ; --              ; colorRecognizer ; Top              ;
; POWER_BOARD_THERMAL_MODEL           ; None (CONSERVATIVE)                           ; --              ; --              ; --               ;
; POWER_PRESET_COOLING_SOLUTION       ; 23 MM HEAT SINK WITH 200 LFPM AIRFLOW         ; --              ; --              ; --               ;
; PROJECT_OUTPUT_DIRECTORY            ; output_files                                  ; --              ; --              ; --               ;
; SLD_FILE                            ; db/stp1_auto_stripped.stp                     ; --              ; --              ; --               ;
; SLD_NODE_CREATOR_ID                 ; 110                                           ; --              ; --              ; auto_signaltap_0 ;
; SLD_NODE_ENTITY_NAME                ; sld_signaltap                                 ; --              ; --              ; auto_signaltap_0 ;
; SLD_NODE_PARAMETER_ASSIGNMENT       ; SLD_RAM_BLOCK_TYPE=AUTO                       ; --              ; --              ; auto_signaltap_0 ;
; SLD_NODE_PARAMETER_ASSIGNMENT       ; SLD_TRIGGER_BITS=1                            ; --              ; --              ; auto_signaltap_0 ;
; SLD_NODE_PARAMETER_ASSIGNMENT       ; SLD_NODE_INFO=805334528                       ; --              ; --              ; auto_signaltap_0 ;
; SLD_NODE_PARAMETER_ASSIGNMENT       ; SLD_POWER_UP_TRIGGER=0                        ; --              ; --              ; auto_signaltap_0 ;
; SLD_NODE_PARAMETER_ASSIGNMENT       ; SLD_INVERSION_MASK=000000000000000000000000   ; --              ; --              ; auto_signaltap_0 ;
; SLD_NODE_PARAMETER_ASSIGNMENT       ; SLD_INVERSION_MASK_LENGTH=24                  ; --              ; --              ; auto_signaltap_0 ;
; SLD_NODE_PARAMETER_ASSIGNMENT       ; SLD_STORAGE_QUALIFIER_INVERSION_MASK_LENGTH=0 ; --              ; --              ; auto_signaltap_0 ;
; SLD_NODE_PARAMETER_ASSIGNMENT       ; SLD_SEGMENT_SIZE=128                          ; --              ; --              ; auto_signaltap_0 ;
; SLD_NODE_PARAMETER_ASSIGNMENT       ; SLD_ATTRIBUTE_MEM_MODE=OFF                    ; --              ; --              ; auto_signaltap_0 ;
; SLD_NODE_PARAMETER_ASSIGNMENT       ; SLD_STATE_FLOW_USE_GENERATED=0                ; --              ; --              ; auto_signaltap_0 ;
; SLD_NODE_PARAMETER_ASSIGNMENT       ; SLD_STATE_BITS=11                             ; --              ; --              ; auto_signaltap_0 ;
; SLD_NODE_PARAMETER_ASSIGNMENT       ; SLD_BUFFER_FULL_STOP=1                        ; --              ; --              ; auto_signaltap_0 ;
; SLD_NODE_PARAMETER_ASSIGNMENT       ; SLD_CURRENT_RESOURCE_WIDTH=1                  ; --              ; --              ; auto_signaltap_0 ;
; SLD_NODE_PARAMETER_ASSIGNMENT       ; SLD_INCREMENTAL_ROUTING=1                     ; --              ; --              ; auto_signaltap_0 ;
; SLD_NODE_PARAMETER_ASSIGNMENT       ; SLD_TRIGGER_LEVEL=1                           ; --              ; --              ; auto_signaltap_0 ;
; SLD_NODE_PARAMETER_ASSIGNMENT       ; SLD_SAMPLE_DEPTH=128                          ; --              ; --              ; auto_signaltap_0 ;
; SLD_NODE_PARAMETER_ASSIGNMENT       ; SLD_TRIGGER_IN_ENABLED=0                      ; --              ; --              ; auto_signaltap_0 ;
; SLD_NODE_PARAMETER_ASSIGNMENT       ; SLD_TRIGGER_PIPELINE=0                        ; --              ; --              ; auto_signaltap_0 ;
; SLD_NODE_PARAMETER_ASSIGNMENT       ; SLD_RAM_PIPELINE=0                            ; --              ; --              ; auto_signaltap_0 ;
; SLD_NODE_PARAMETER_ASSIGNMENT       ; SLD_COUNTER_PIPELINE=0                        ; --              ; --              ; auto_signaltap_0 ;
; SLD_NODE_PARAMETER_ASSIGNMENT       ; SLD_ADVANCED_TRIGGER_ENTITY=basic,1,          ; --              ; --              ; auto_signaltap_0 ;
; SLD_NODE_PARAMETER_ASSIGNMENT       ; SLD_TRIGGER_LEVEL_PIPELINE=1                  ; --              ; --              ; auto_signaltap_0 ;
; SLD_NODE_PARAMETER_ASSIGNMENT       ; SLD_ENABLE_ADVANCED_TRIGGER=0                 ; --              ; --              ; auto_signaltap_0 ;
; SLD_NODE_PARAMETER_ASSIGNMENT       ; SLD_DATA_BITS=120                             ; --              ; --              ; auto_signaltap_0 ;
; SLD_NODE_PARAMETER_ASSIGNMENT       ; SLD_STORAGE_QUALIFIER_BITS=120                ; --              ; --              ; auto_signaltap_0 ;
; TOP_LEVEL_ENTITY                    ; colorRecognizer                               ; DE1_SOC_D8M_RTL ; --              ; --               ;
; USE_SIGNALTAP_FILE                  ; stp1.stp                                      ; --              ; --              ; --               ;
+-------------------------------------+-----------------------------------------------+-----------------+-----------------+------------------+


+-------------------------------------------------------------------------------------------------------------------------------+
; Flow Elapsed Time                                                                                                             ;
+---------------------------+--------------+-------------------------+---------------------+------------------------------------+
; Module Name               ; Elapsed Time ; Average Processors Used ; Peak Virtual Memory ; Total CPU Time (on all processors) ;
+---------------------------+--------------+-------------------------+---------------------+------------------------------------+
; Analysis & Synthesis      ; 00:19:31     ; 1.0                     ; 1350 MB             ; 00:19:48                           ;
; Fitter                    ; 00:34:53     ; 1.3                     ; 4062 MB             ; 02:57:53                           ;
; Assembler                 ; 00:02:19     ; 1.0                     ; 1018 MB             ; 00:01:51                           ;
; TimeQuest Timing Analyzer ; 00:02:18     ; 3.8                     ; 1724 MB             ; 00:04:37                           ;
; Total                     ; 00:59:01     ; --                      ; --                  ; 03:24:09                           ;
+---------------------------+--------------+-------------------------+---------------------+------------------------------------+


+------------------------------------------------------------------------------------------+
; Flow OS Summary                                                                          ;
+---------------------------+------------------+-------------+------------+----------------+
; Module Name               ; Machine Hostname ; OS Name     ; OS Version ; Processor type ;
+---------------------------+------------------+-------------+------------+----------------+
; Analysis & Synthesis      ; EE-BRANNIGAN     ; Windows 8.1 ; 6.3        ; x86_64         ;
; Fitter                    ; EE-BRANNIGAN     ; Windows 8.1 ; 6.3        ; x86_64         ;
; Assembler                 ; EE-BRANNIGAN     ; Windows 8.1 ; 6.3        ; x86_64         ;
; TimeQuest Timing Analyzer ; EE-BRANNIGAN     ; Windows 8.1 ; 6.3        ; x86_64         ;
+---------------------------+------------------+-------------+------------+----------------+


------------
; Flow Log ;
------------
quartus_map --read_settings_files=on --write_settings_files=off DE1_SOC_D8M_RTL -c DE1_SOC_D8M_RTL
quartus_fit --read_settings_files=off --write_settings_files=off DE1_SOC_D8M_RTL -c DE1_SOC_D8M_RTL
quartus_asm --read_settings_files=off --write_settings_files=off DE1_SOC_D8M_RTL -c DE1_SOC_D8M_RTL
quartus_sta DE1_SOC_D8M_RTL -c DE1_SOC_D8M_RTL



